
> aero-arena-3d@0.9.0 dev
> vite --host 127.0.0.1 --port 5173 --strictPort


  [32m[1mVITE[22m v5.4.21[39m  [2mready in [0m[1m2901[22m[2m[0m ms[22m

  [32m➜[39m  [1mLocal[22m:   [36mhttp://127.0.0.1:[1m5173[22m/[39m
[2m15:50:13[22m [36m[1m[vite][22m[39m [32mpage reload [39m[2mplaywright-report/index.html[22m
[2m15:50:13[22m [36m[1m[vite][22m[39m [32mpage reload [39m[2mplaywright-report/index.html[22m
[2m15:52:55[22m [36m[1m[vite][22m[39m [32mpage reload [39m[2msrc/ui/UIManager.js[22m
[2m15:54:49[22m [36m[1m[vite][22m[39m [32mpage reload [39m[2mplaywright-report/index.html[22m
[2m15:54:49[22m [36m[1m[vite][22m[39m [32mpage reload [39m[2mplaywright-report/index.html[22m
[2m15:54:49[22m [36m[1m[vite][22m[39m [32mpage reload [39m[2mplaywright-report/index.html[22m
[2m15:56:53[22m [36m[1m[vite][22m[39m [32mpage reload [39m[2mplaywright-report/index.html[22m
[2m15:56:53[22m [36m[1m[vite][22m[39m [32mpage reload [39m[2mplaywright-report/index.html[22m
[2m15:56:53[22m [36m[1m[vite][22m[39m [32mpage reload [39m[2mplaywright-report/index.html[22m
[2m16:00:07[22m [36m[1m[vite][22m[39m [32mpage reload [39m[2msrc/core/SettingsManager.js[22m
[2m16:00:21[22m [36m[1m[vite][22m[39m [32mpage reload [39m[2msrc/ui/SettingsChangeKeys.js[22m
[2m16:00:37[22m [36m[1m[vite][22m[39m [32mpage reload [39m[2msrc/ui/UISettingsSyncMap.js[22m
[2m16:01:06[22m [36m[1m[vite][22m[39m [32mpage reload [39m[2msrc/ui/UIManager.js[22m
[2m16:01:23[22m [36m[1m[vite][22m[39m [32mpage reload [39m[2msrc/ui/MenuController.js[22m
[2m16:01:47[22m [36m[1m[vite][22m[39m [32mpage reload [39m[2msrc/ui/menu/MenuGameplayBindings.js[22m
[2m16:02:16[22m [36m[1m[vite][22m[39m [32mpage reload [39m[2msrc/core/GameRuntimeFacade.js[22m
[2m16:03:55[22m [36m[1m[vite][22m[39m [32mpage reload [39m[2mplaywright-report/index.html[22m
[2m16:05:53[22m [36m[1m[vite][22m[39m [32mpage reload [39m[2mplaywright-report/index.html[22m
[2m16:05:53[22m [36m[1m[vite][22m[39m [32mpage reload [39m[2mplaywright-report/index.html[22m
[2m16:07:42[22m [36m[1m[vite][22m[39m [32mpage reload [39m[2msrc/ui/menu/MenuGameplayBindings.js[22m
[2m16:08:21[22m [36m[1m[vite][22m[39m [32mpage reload [39m[2msrc/core/GameRuntimeFacade.js[22m
[2m16:08:45[22m [36m[1m[vite][22m[39m [32mpage reload [39m[2msrc/core/main.js[22m
[2m16:09:13[22m [36m[1m[vite][22m[39m [32mpage reload [39m[2mindex.html[22m
[2m16:10:59[22m [36m[1m[vite][22m[39m [32mpage reload [39m[2mplaywright-report/index.html[22m
[2m16:13:14[22m [36m[1m[vite][22m[39m [32mpage reload [39m[2mplaywright-report/index.html[22m
[2m16:13:14[22m [36m[1m[vite][22m[39m [32mpage reload [39m[2mplaywright-report/index.html[22m
[2m16:13:14[22m [36m[1m[vite][22m[39m [32mpage reload [39m[2mplaywright-report/index.html[22m
[2m16:15:52[22m [36m[1m[vite][22m[39m [32mpage reload [39m[2msrc/ui/menu/MenuAccessPolicy.js[22m
[2m16:16:08[22m [36m[1m[vite][22m[39m [32mpage reload [39m[2mplaywright-report/index.html[22m
[2m16:16:10[22m [36m[1m[vite][22m[39m [32mpage reload [39m[2msrc/core/SettingsManager.js[22m
[2m16:16:43[22m [36m[1m[vite][22m[39m [32mpage reload [39m[2msrc/core/GameRuntimeFacade.js[22m
[2m16:17:14[22m [36m[1m[vite][22m[39m [32mpage reload [39m[2msrc/ui/menu/MenuGameplayBindings.js[22m
[2m16:17:36[22m [36m[1m[vite][22m[39m [32mpage reload [39m[2mplaywright-report/index.html[22m
[2m16:17:37[22m [36m[1m[vite][22m[39m [32mpage reload [39m[2msrc/ui/MenuController.js[22m
[2m16:17:53[22m [36m[1m[vite][22m[39m [32mpage reload [39m[2msrc/ui/SettingsChangeKeys.js[22m
[2m16:18:13[22m [36m[1m[vite][22m[39m [32mpage reload [39m[2msrc/ui/UISettingsSyncMap.js[22m
[2m16:18:28[22m [36m[1m[vite][22m[39m [32mpage reload [39m[2msrc/core/GameBootstrap.js[22m
[2m16:18:43[22m [36m[1m[vite][22m[39m [32mpage reload [39m[2msrc/ui/menu/MenuGameplayBindings.js[22m
[2m16:18:58[22m [36m[1m[vite][22m[39m [32mpage reload [39m[2msrc/core/GameRuntimeFacade.js[22m
[2m16:19:09[22m [36m[1m[vite][22m[39m [32mpage reload [39m[2msrc/ui/UIManager.js[22m
[2m16:19:45[22m [36m[1m[vite][22m[39m [32mpage reload [39m[2mindex.html[22m
[2m16:20:27[22m [36m[1m[vite][22m[39m [32mhmr update [39m[2m/style.css?direct[22m
[2m16:20:50[22m [36m[1m[vite][22m[39m [32mpage reload [39m[2msrc/ui/menu/MenuNavigationRuntime.js[22m
[2m16:21:09[22m [36m[1m[vite][22m[39m [32mpage reload [39m[2msrc/ui/UIManager.js[22m
[2m16:21:38[22m [36m[1m[vite][22m[39m [32mpage reload [39m[2msrc/ui/SettingsStore.js[22m
[2m16:21:54[22m [36m[1m[vite][22m[39m [32mpage reload [39m[2msrc/ui/menu/MenuAccessPolicy.js[22m
[2m16:24:34[22m [36m[1m[vite][22m[39m [32mpage reload [39m[2mplaywright-report/index.html[22m
[2m16:24:34[22m [36m[1m[vite][22m[39m [32mpage reload [39m[2mplaywright-report/index.html[22m
[2m16:24:34[22m [36m[1m[vite][22m[39m [32mpage reload [39m[2mplaywright-report/index.html[22m
[2m16:25:13[22m [36m[1m[vite][22m[39m [32mpage reload [39m[2mplaywright-report/index.html[22m
[2m16:25:13[22m [36m[1m[vite][22m[39m [32mpage reload [39m[2mplaywright-report/index.html[22m
[2m16:27:37[22m [36m[1m[vite][22m[39m [32mpage reload [39m[2mplaywright-report/index.html[22m
[2m16:27:37[22m [36m[1m[vite][22m[39m [32mpage reload [39m[2mplaywright-report/index.html[22m
[2m16:27:37[22m [36m[1m[vite][22m[39m [32mpage reload [39m[2mplaywright-report/index.html[22m
[2m16:29:11[22m [36m[1m[vite][22m[39m [32mpage reload [39m[2msrc/ui/MenuController.js[22m
[2m16:29:56[22m [36m[1m[vite][22m[39m [32mpage reload [39m[2msrc/ui/menu/MenuGameplayBindings.js[22m
[2m16:30:16[22m [36m[1m[vite][22m[39m [32mpage reload [39m[2msrc/core/GameRuntimeFacade.js[22m
[2m16:31:08[22m [36m[1m[vite][22m[39m [32mpage reload [39m[2mplaywright-report/index.html[22m
[2m16:31:08[22m [36m[1m[vite][22m[39m [32mpage reload [39m[2mplaywright-report/index.html[22m
[2m16:32:32[22m [36m[1m[vite][22m[39m [32mpage reload [39m[2mplaywright-report/index.html[22m
[2m16:35:34[22m [36m[1m[vite][22m[39m [32mpage reload [39m[2mplaywright-report/index.html[22m
[2m16:36:51[22m [36m[1m[vite][22m[39m [32mpage reload [39m[2mindex.html[22m
[2m16:37:26[22m [36m[1m[vite][22m[39m [32mpage reload [39m[2mindex.html[22m
[2m16:37:35[22m [36m[1m[vite][22m[39m [32mpage reload [39m[2mplaywright-report/index.html[22m
[2m16:37:35[22m [36m[1m[vite][22m[39m [32mpage reload [39m[2mplaywright-report/index.html[22m
[2m16:37:35[22m [36m[1m[vite][22m[39m [32mpage reload [39m[2mplaywright-report/index.html[22m
[2m16:37:46[22m [36m[1m[vite][22m[39m [32mhmr update [39m[2m/style.css?direct[22m
[2m16:38:05[22m [36m[1m[vite][22m[39m [32mpage reload [39m[2mplaywright-report/index.html[22m
[2m16:38:05[22m [36m[1m[vite][22m[39m [32mpage reload [39m[2mplaywright-report/index.html[22m
[2m16:38:05[22m [36m[1m[vite][22m[39m [32mpage reload [39m[2mplaywright-report/index.html[22m
[2m16:38:11[22m [36m[1m[vite][22m[39m [32mpage reload [39m[2msrc/ui/menu/MenuNavigationRuntime.js[22m
[2m16:38:34[22m [36m[1m[vite][22m[39m [32mpage reload [39m[2mindex.html[22m
[2m16:38:52[22m [36m[1m[vite][22m[39m [32mpage reload [39m[2msrc/core/GameBootstrap.js[22m
[2m16:41:39[22m [36m[1m[vite][22m[39m [32mpage reload [39m[2mplaywright-report/index.html[22m
[2m16:41:39[22m [36m[1m[vite][22m[39m [32mpage reload [39m[2mplaywright-report/index.html[22m
[2m16:41:39[22m [36m[1m[vite][22m[39m [32mpage reload [39m[2mplaywright-report/index.html[22m
[2m16:44:33[22m [36m[1m[vite][22m[39m [32mpage reload [39m[2mplaywright-report/index.html[22m
[2m16:44:34[22m [36m[1m[vite][22m[39m [32mpage reload [39m[2mplaywright-report/index.html[22m
[2m16:44:34[22m [36m[1m[vite][22m[39m [32mpage reload [39m[2mplaywright-report/index.html[22m
[2m16:44:39[22m [36m[1m[vite][22m[39m [32mpage reload [39m[2mplaywright-report/index.html[22m
[2m16:50:52[22m [36m[1m[vite][22m[39m [32mpage reload [39m[2mplaywright-report/index.html[22m
[2m16:50:52[22m [36m[1m[vite][22m[39m [32mpage reload [39m[2mplaywright-report/index.html[22m
[2m16:50:52[22m [36m[1m[vite][22m[39m [32mpage reload [39m[2mplaywright-report/index.html[22m
[2m02:37:18[22m [36m[1m[vite][22m[39m [32mpage reload [39m[2mplaywright-report/index.html[22m
[2m02:39:43[22m [36m[1m[vite][22m[39m [32mpage reload [39m[2mplaywright-report/index.html[22m
[2m02:42:00[22m [36m[1m[vite][22m[39m [32mpage reload [39m[2mplaywright-report/index.html[22m
[2m02:42:00[22m [36m[1m[vite][22m[39m [32mpage reload [39m[2mplaywright-report/index.html[22m
[2m02:42:00[22m [36m[1m[vite][22m[39m [32mpage reload [39m[2mplaywright-report/index.html[22m
[2m02:43:35[22m [36m[1m[vite][22m[39m [32mpage reload [39m[2mplaywright-report/index.html[22m
[2m02:43:35[22m [36m[1m[vite][22m[39m [32mpage reload [39m[2mplaywright-report/index.html[22m
[2m02:43:35[22m [36m[1m[vite][22m[39m [32mpage reload [39m[2mplaywright-report/index.html[22m
[2m02:44:55[22m [36m[1m[vite][22m[39m [32mpage reload [39m[2mplaywright-report/index.html[22m
[2m02:46:48[22m [36m[1m[vite][22m[39m [32mpage reload [39m[2mplaywright-report/index.html[22m
[2m02:48:56[22m [36m[1m[vite][22m[39m [32mpage reload [39m[2mplaywright-report/index.html[22m
[2m02:53:09[22m [36m[1m[vite][22m[39m [32mpage reload [39m[2msrc/core/SettingsManager.js[22m
[2m02:53:14[22m [36m[1m[vite][22m[39m [32mpage reload [39m[2msrc/core/SettingsManager.js[22m
[2m02:53:30[22m [36m[1m[vite][22m[39m [32mpage reload [39m[2msrc/core/GameRuntimeFacade.js[22m
[2m02:54:34[22m [36m[1m[vite][22m[39m [32mpage reload [39m[2msrc/core/config/ConfigSections.js[22m
[2m02:54:43[22m [36m[1m[vite][22m[39m [32mpage reload [39m[2msrc/core/config/SettingsRuntimeContract.js[22m
[2m02:54:55[22m [36m[1m[vite][22m[39m [32mpage reload [39m[2msrc/core/SettingsManager.js[22m
[2m02:55:09[22m [36m[1m[vite][22m[39m [32mpage reload [39m[2msrc/core/InputManager.js[22m
[2m02:55:20[22m [36m[1m[vite][22m[39m [32mpage reload [39m[2msrc/ui/KeybindEditorController.js[22m
[2m02:55:29[22m [36m[1m[vite][22m[39m [32mpage reload [39m[2msrc/ui/menu/MenuControlBindings.js[22m
[2m02:55:42[22m [36m[1m[vite][22m[39m [32mpage reload [39m[2mindex.html[22m
[2m02:55:52[22m [36m[1m[vite][22m[39m [32mpage reload [39m[2msrc/core/GameBootstrap.js[22m
[2m02:56:00[22m [36m[1m[vite][22m[39m [32mpage reload [39m[2msrc/core/renderer/CameraRigSystem.js[22m
[2m02:56:06[22m [36m[1m[vite][22m[39m [32mpage reload [39m[2msrc/core/Renderer.js[22m
[2m02:56:18[22m [36m[1m[vite][22m[39m [32mpage reload [39m[2msrc/core/main.js[22m
[2m02:56:33[22m [36m[1m[vite][22m[39m [32mpage reload [39m[2msrc/core/MediaRecorderSystem.js[22m
[2m02:58:12[22m [36m[1m[vite][22m[39m [32mpage reload [39m[2mplaywright-report/index.html[22m
[2m03:01:47[22m [36m[1m[vite][22m[39m [32mpage reload [39m[2mplaywright-report/index.html[22m
[2m03:02:25[22m [36m[1m[vite][22m[39m [32mpage reload [39m[2msrc/core/InputManager.js[22m
[2m03:03:38[22m [36m[1m[vite][22m[39m [32mpage reload [39m[2mplaywright-report/index.html[22m
[2m03:04:59[22m [36m[1m[vite][22m[39m [32mpage reload [39m[2msrc/core/main.js[22m
[2m03:05:49[22m [36m[1m[vite][22m[39m [32mpage reload [39m[2mplaywright-report/index.html[22m
[2m03:07:48[22m [36m[1m[vite][22m[39m [32mpage reload [39m[2mplaywright-report/index.html[22m
[2m03:10:52[22m [36m[1m[vite][22m[39m [32mpage reload [39m[2mplaywright-report/index.html[22m
[2m03:11:28[22m [36m[1m[vite][22m[39m [32mpage reload [39m[2mplaywright-report/index.html[22m
[2m03:11:28[22m [36m[1m[vite][22m[39m [32mpage reload [39m[2mplaywright-report/index.html[22m
[2m03:11:28[22m [36m[1m[vite][22m[39m [32mpage reload [39m[2mplaywright-report/index.html[22m
[2m03:14:01[22m [36m[1m[vite][22m[39m [32mpage reload [39m[2mplaywright-report/index.html[22m
[2m03:15:17[22m [36m[1m[vite][22m[39m [32mpage reload [39m[2mplaywright-report/index.html[22m
