
> aero-arena-3d@0.9.0 dev
> vite --host 127.0.0.1 --port 5173

Port 5173 is in use, trying another one...

  [32m[1mVITE[22m v5.4.21[39m  [2mready in [0m[1m1273[22m[2m[0m ms[22m

  [32m➜[39m  [1mLocal[22m:   [36mhttp://127.0.0.1:[1m5174[22m/[39m
[2m15:34:04[22m [36m[1m[vite][22m[39m [32mpage reload [39m[2mplaywright-report/index.html[22m
[2m15:34:04[22m [36m[1m[vite][22m[39m [32mpage reload [39m[2mplaywright-report/index.html[22m
[2m15:35:18[22m [36m[1m[vite][22m[39m [32mpage reload [39m[2mplaywright-report/index.html[22m
[2m15:37:35[22m [36m[1m[vite][22m[39m [32mpage reload [39m[2mplaywright-report/index.html[22m
[2m15:37:35[22m [36m[1m[vite][22m[39m [32mpage reload [39m[2mplaywright-report/index.html[22m
[2m15:37:35[22m [36m[1m[vite][22m[39m [32mpage reload [39m[2mplaywright-report/index.html[22m
[2m15:38:37[22m [36m[1m[vite][22m[39m [32mpage reload [39m[2mplaywright-report/index.html[22m
[2m15:40:16[22m [36m[1m[vite][22m[39m [32mpage reload [39m[2mplaywright-report/index.html[22m
[2m15:43:59[22m [36m[1m[vite][22m[39m [32mpage reload [39m[2mplaywright-report/index.html[22m
[2m15:43:59[22m [36m[1m[vite][22m[39m [32mpage reload [39m[2mplaywright-report/index.html[22m
[2m15:43:59[22m [36m[1m[vite][22m[39m [32mpage reload [39m[2mplaywright-report/index.html[22m
[2m15:45:59[22m [36m[1m[vite][22m[39m [32mpage reload [39m[2mplaywright-report/index.html[22m
[2m15:45:59[22m [36m[1m[vite][22m[39m [32mpage reload [39m[2mplaywright-report/index.html[22m
[2m15:45:59[22m [36m[1m[vite][22m[39m [32mpage reload [39m[2mplaywright-report/index.html[22m
[2m15:46:34[22m [36m[1m[vite][22m[39m [32mpage reload [39m[2mplaywright-report/index.html[22m
